R version 4.3.0 (2023-04-21)
Platform: x86_64-apple-darwin20 (64-bit)
Running under: macOS Ventura 13.4.1

Matrix products: default
BLAS:   /System/Library/Frameworks/Accelerate.framework/Versions/A/Frameworks/vecLib.framework/Versions/A/libBLAS.dylib 
LAPACK: /Library/Frameworks/R.framework/Versions/4.3-x86_64/Resources/lib/libRlapack.dylib;  LAPACK version 3.11.0

locale:
[1] en_US.UTF-8/en_US.UTF-8/en_US.UTF-8/C/en_US.UTF-8/en_US.UTF-8

time zone: Europe/Copenhagen
tzcode source: internal

attached base packages:
[1] parallel  stats     graphics  grDevices utils     datasets  methods   base     

other attached packages:
 [1] gridExtra_2.3       MASS_7.3-60         htmf_0.5.1          Biobase_2.60.0      BiocGenerics_0.46.0 doBy_4.6.22        
 [7] reshape_0.8.9       lubridate_1.9.3     forcats_1.0.0       stringr_1.5.1       dplyr_1.1.4         purrr_1.0.2        
[13] readr_2.1.5         tidyr_1.3.1         tibble_3.2.1        ggplot2_3.5.1       tidyverse_2.0.0     installr_0.23.4    

loaded via a namespace (and not attached):
 [1] utf8_1.2.4            generics_0.1.3        stringi_1.8.4         lattice_0.22-6        hms_1.1.3             magrittr_2.0.3       
 [7] grid_4.3.0            timechange_0.3.0      plyr_1.8.9            Matrix_1.6-0          backports_1.5.0       fansi_1.0.6          
[13] scales_1.3.0          modelr_0.1.11         microbenchmark_1.4.10 cli_3.6.3             rlang_1.1.4           cowplot_1.1.3        
[19] munsell_0.5.1         withr_3.0.0           tools_4.3.0           tzdb_0.4.0            colorspace_2.1-0      boot_1.3-30          
[25] Deriv_4.1.3           broom_1.0.6           vctrs_0.6.5           R6_2.5.1              lifecycle_1.0.4       pkgconfig_2.0.3      
[31] pillar_1.9.0          gtable_0.3.5          glue_1.7.0            Rcpp_1.0.12           tidyselect_1.2.1      rstudioapi_0.16.0    
[37] farver_2.1.2          labeling_0.4.3        compiler_4.3.0        splus2R_1.3-5     
